#
# There is insufficient memory for the Java Runtime Environment to continue.
# Native memory allocation (malloc) failed to allocate 1048576 bytes for AllocateHeap
# Possible reasons:
#   The system is out of physical RAM or swap space
#   The process is running with CompressedOops enabled, and the Java Heap may be blocking the growth of the native heap
# Possible solutions:
#   Reduce memory load on the system
#   Increase physical memory or swap space
#   Check if swap backing store is full
#   Decrease Java heap size (-Xmx/-Xms)
#   Decrease number of Java threads
#   Decrease Java thread stack sizes (-Xss)
#   Set larger code cache with -XX:ReservedCodeCacheSize=
#   JVM is running with Zero Based Compressed Oops mode in which the Java heap is
#     placed in the first 32GB address space. The Java Heap base address is the
#     maximum limit for the native heap growth. Please use -XX:HeapBaseMinAddress
#     to set the Java Heap base and to place the Java Heap above 32GB virtual address.
# This output file may be truncated or incomplete.
#
#  Out of Memory Error (t:/workspace/open/src/hotspot/share/memory/allocation.cpp:46), pid=17584, tid=13048
#
# JRE version: Java(TM) SE Runtime Environment (12.0.2+10) (build 12.0.2+10)
# Java VM: Java HotSpot(TM) 64-Bit Server VM (12.0.2+10, mixed mode, sharing, tiered, compressed oops, g1 gc, windows-amd64)
# No core dump will be written. Minidumps are not enabled by default on client versions of Windows
#

---------------  S U M M A R Y ------------

Command Line: -Dcom.sun.management.jmxremote -Dcom.sun.management.jmxremote.port=64604 -Dcom.sun.management.jmxremote.authenticate=false -Dcom.sun.management.jmxremote.ssl=false -Djava.rmi.server.hostname=localhost -Dspring.jmx.enabled=true -Dspring.application.admin.enabled=true -Xverify:none -XX:TieredStopAtLevel=1 -Dfile.encoding=UTF-8 com.bolsadeideas.springboot.app.SpringBootDataJpaApplication --spring.output.ansi.enabled=always

Host: Intel(R) Core(TM) i7-8550U CPU @ 1.80GHz, 8 cores, 11G,  Windows 10 , 64 bit Build 17134 (10.0.17134.753)
Time: Fri Aug 23 19:43:03 2019 Central Daylight Time (Mexico) elapsed time: 2 seconds (0d 0h 0m 2s)

---------------  T H R E A D  ---------------

Current thread (0x0000022ab6aa5000):  VMThread "VM Thread" [stack: 0x000000d5b3100000,0x000000d5b3200000] [id=13048]

Stack: [0x000000d5b3100000,0x000000d5b3200000]
[error occurred during error reporting (printing stack bounds), id 0xc0000005, EXCEPTION_ACCESS_VIOLATION (0xc0000005) at pc=0x0000022a9d370bad]

Native frames: (J=compiled Java code, j=interpreted, Vv=VM code, C=native code)
V  [jvm.dll+0x63aa2a]
V  [jvm.dll+0x78ce1e]
V  [jvm.dll+0x78e4c1]
V  [jvm.dll+0x78ea75]
V  [jvm.dll+0x78ea2b]
V  [jvm.dll+0x63a134]
V  [jvm.dll+0x63a4f8]
C  [ntdll.dll+0x9f7dd]
C  [ntdll.dll+0xd856]
C  [ntdll.dll+0x9e70e]
C  0x0000022a9d370bad

VM_Operation (0x000000d5b44fc3e0): CollectForMetadataAllocation, mode: safepoint, requested by thread 0x0000022ab7c10800


---------------  P R O C E S S  ---------------

Threads class SMR info:
_java_thread_list=0x0000022ab7c49750, length=19, elements={
0x0000022a94f7c000, 0x0000022ab6aaa800, 0x0000022ab6ab0800, 0x0000022ab6ac8800,
0x0000022ab6ac9800, 0x0000022ab6ad1000, 0x0000022ab6ad5000, 0x0000022ab6aca000,
0x0000022ab6ac6000, 0x0000022ab6ac4800, 0x0000022ab6acb000, 0x0000022ab6ac5000,
0x0000022ab6ac7000, 0x0000022ab6ac7800, 0x0000022ab7c10800, 0x0000022ab7c11000,
0x0000022ab7c13800, 0x0000022ab7c12800, 0x0000022ab7c14800
}

Java Threads: ( => current thread )
  0x0000022a94f7c000 JavaThread "main" [_thread_blocked, id=14180, stack(0x000000d5b2b00000,0x000000d5b2c00000)]
  0x0000022ab6aaa800 JavaThread "Reference Handler" daemon [_thread_blocked, id=17188, stack(0x000000d5b3200000,0x000000d5b3300000)]
  0x0000022ab6ab0800 JavaThread "Finalizer" daemon [_thread_blocked, id=13216, stack(0x000000d5b3300000,0x000000d5b3400000)]
  0x0000022ab6ac8800 JavaThread "Signal Dispatcher" daemon [_thread_blocked, id=19108, stack(0x000000d5b3400000,0x000000d5b3500000)]
  0x0000022ab6ac9800 JavaThread "Attach Listener" daemon [_thread_blocked, id=18724, stack(0x000000d5b3500000,0x000000d5b3600000)]
  0x0000022ab6ad1000 JavaThread "C1 CompilerThread0" daemon [_thread_blocked, id=15896, stack(0x000000d5b3600000,0x000000d5b3700000)]
  0x0000022ab6ad5000 JavaThread "Sweeper thread" daemon [_thread_blocked, id=14048, stack(0x000000d5b3700000,0x000000d5b3800000)]
  0x0000022ab6aca000 JavaThread "Common-Cleaner" daemon [_thread_blocked, id=11560, stack(0x000000d5b3800000,0x000000d5b3900000)]
  0x0000022ab6ac6000 JavaThread "Service Thread" daemon [_thread_blocked, id=6392, stack(0x000000d5b3900000,0x000000d5b3a00000)]
  0x0000022ab6ac4800 JavaThread "RMI TCP Accept-0" daemon [_thread_in_native, id=10100, stack(0x000000d5b3a00000,0x000000d5b3b00000)]
  0x0000022ab6acb000 JavaThread "RMI TCP Accept-64604" daemon [_thread_in_native, id=13024, stack(0x000000d5b3b00000,0x000000d5b3c00000)]
  0x0000022ab6ac5000 JavaThread "RMI TCP Accept-0" daemon [_thread_in_native, id=2608, stack(0x000000d5b3c00000,0x000000d5b3d00000)]
  0x0000022ab6ac7000 JavaThread "Thread-0" [_thread_blocked, id=3268, stack(0x000000d5b4200000,0x000000d5b4300000)]
  0x0000022ab6ac7800 JavaThread "restartedMain" [_thread_blocked, id=13872, stack(0x000000d5b4300000,0x000000d5b4400000)]
  0x0000022ab7c10800 JavaThread "background-preinit" [_thread_blocked, id=15112, stack(0x000000d5b4400000,0x000000d5b4500000)]
  0x0000022ab7c11000 JavaThread "RMI TCP Connection(1)-127.0.0.1" daemon [_thread_in_native, id=8080, stack(0x000000d5b4500000,0x000000d5b4600000)]
  0x0000022ab7c13800 JavaThread "RMI Scheduler(0)" daemon [_thread_blocked, id=4812, stack(0x000000d5b4600000,0x000000d5b4700000)]
  0x0000022ab7c12800 JavaThread "RMI TCP Connection(2)-127.0.0.1" daemon [_thread_in_native, id=6560, stack(0x000000d5b4b00000,0x000000d5b4c00000)]
  0x0000022ab7c14800 JavaThread "JMX server connection timeout 24" daemon [_thread_blocked, id=18220, stack(0x000000d5b4c00000,0x000000d5b4d00000)]

Other Threads:
=>0x0000022ab6aa5000 VMThread "VM Thread" [stack: 0x000000d5b3100000,0x000000d5b3200000] [id=13048]
  0x0000022ab714e800 WatcherThread [stack: 0x000000d5b3d00000,0x000000d5b3e00000] [id=7904]
  0x0000022a94fc8000 GCTaskThread "GC Thread#0" [stack: 0x000000d5b2c00000,0x000000d5b2d00000] [id=12868]
  0x0000022ab756c800 GCTaskThread "GC Thread#1" [stack: 0x000000d5b3e00000,0x000000d5b3f00000] [id=11512]
  0x0000022ab7567800 GCTaskThread "GC Thread#2" [stack: 0x000000d5b3f00000,0x000000d5b4000000] [id=18320]
  0x0000022ab7568000 GCTaskThread "GC Thread#3" [stack: 0x000000d5b4000000,0x000000d5b4100000] [id=10600]
  0x0000022ab756a000 GCTaskThread "GC Thread#4" [stack: 0x000000d5b4700000,0x000000d5b4800000] [id=17884]
  0x0000022ab756b800 GCTaskThread "GC Thread#5" [stack: 0x000000d5b4800000,0x000000d5b4900000] [id=12168]
  0x0000022ab7569800 GCTaskThread "GC Thread#6" [stack: 0x000000d5b4900000,0x000000d5b4a00000] [id=16884]
  0x0000022ab756b000 GCTaskThread "GC Thread#7" [stack: 0x000000d5b4a00000,0x000000d5b4b00000] [id=18860]
  0x0000022a94fde800 ConcurrentGCThread "G1 Main Marker" [stack: 0x000000d5b2d00000,0x000000d5b2e00000] [id=16424]
  0x0000022a94fe1800 ConcurrentGCThread "G1 Conc#0" [stack: 0x000000d5b2e00000,0x000000d5b2f00000] [id=12352]
  0x0000022ab7566000 ConcurrentGCThread "G1 Conc#1" [stack: 0x000000d5b4d00000,0x000000d5b4e00000] [id=18588]
  0x0000022ab6121800 ConcurrentGCThread "G1 Refine#0" [stack: 0x000000d5b2f00000,0x000000d5b3000000] [id=15528]
  0x0000022ab6d7c800 ConcurrentGCThread "G1 Refine#1" [stack: 0x000000d5b4100000,0x000000d5b4200000] [id=10140]
  0x0000022ab6122800 ConcurrentGCThread "G1 Young RemSet Sampling" [stack: 0x000000d5b3000000,0x000000d5b3100000] [id=1956]

Threads with active compile tasks:

VM state:at safepoint (normal execution)

VM Mutex/Monitor currently owned by a thread:  ([mutex/lock_event])
[0x0000022a94f777d0] Threads_lock - owner thread: 0x0000022ab6aa5000
[0x0000022a94f78ee0] Heap_lock - owner thread: 0x0000022ab7c10800

Heap address: 0x0000000741400000, size: 3052 MB, Compressed Oops mode: Zero based, Oop shift amount: 3
Narrow klass base: 0x0000000800000000, Narrow klass shift: 3
Compressed class space size: 1073741824 Address: 0x0000000801190000

Heap:
 garbage-first heap   total 196608K, used 9756K [0x0000000741400000, 0x0000000800000000)
  region size 1024K, 6 young (6144K), 6 survivors (6144K)
 Metaspace       used 16232K, capacity 16880K, committed 17024K, reserved 1077248K
  class space    used 2195K, capacity 2412K, committed 2432K, reserved 1048576K
Heap Regions: E=young(eden), S=young(survivor), O=old, HS=humongous(starts), HC=humongous(continues), CS=collection set, F=free, A=archive, TAMS=top-at-mark-start (previous, next)
|   0|0x0000000741400000, 0x0000000741500000, 0x0000000741500000|100%|HS|  |TAMS 0x0000000741400000, 0x0000000741500000| Complete 
|   1|0x0000000741500000, 0x0000000741600000, 0x0000000741600000|100%| O|  |TAMS 0x0000000741500000, 0x0000000741600000| Untracked 
|   2|0x0000000741600000, 0x0000000741700000, 0x0000000741700000|100%| O|  |TAMS 0x0000000741600000, 0x0000000741700000| Untracked 
|   3|0x0000000741700000, 0x00000007417c2800, 0x0000000741800000| 75%| O|  |TAMS 0x0000000741700000, 0x00000007417c2800| Untracked 
|   4|0x0000000741800000, 0x0000000741800000, 0x0000000741900000|  0%| F|  |TAMS 0x0000000741800000, 0x0000000741800000| Untracked 
|   5|0x0000000741900000, 0x0000000741900000, 0x0000000741a00000|  0%| F|  |TAMS 0x0000000741900000, 0x0000000741900000| Untracked 
|   6|0x0000000741a00000, 0x0000000741a00000, 0x0000000741b00000|  0%| F|  |TAMS 0x0000000741a00000, 0x0000000741a00000| Untracked 
|   7|0x0000000741b00000, 0x0000000741b00000, 0x0000000741c00000|  0%| F|  |TAMS 0x0000000741b00000, 0x0000000741b00000| Untracked 
|   8|0x0000000741c00000, 0x0000000741c00000, 0x0000000741d00000|  0%| F|  |TAMS 0x0000000741c00000, 0x0000000741c00000| Untracked 
|   9|0x0000000741d00000, 0x0000000741d00000, 0x0000000741e00000|  0%| F|  |TAMS 0x0000000741d00000, 0x0000000741d00000| Untracked 
|  10|0x0000000741e00000, 0x0000000741e00000, 0x0000000741f00000|  0%| F|  |TAMS 0x0000000741e00000, 0x0000000741e00000| Untracked 
|  11|0x0000000741f00000, 0x0000000741f00000, 0x0000000742000000|  0%| F|  |TAMS 0x0000000741f00000, 0x0000000741f00000| Untracked 
|  12|0x0000000742000000, 0x0000000742000000, 0x0000000742100000|  0%| F|  |TAMS 0x0000000742000000, 0x0000000742000000| Untracked 
|  13|0x0000000742100000, 0x0000000742100000, 0x0000000742200000|  0%| F|  |TAMS 0x0000000742100000, 0x0000000742100000| Untracked 
|  14|0x0000000742200000, 0x0000000742200000, 0x0000000742300000|  0%| F|  |TAMS 0x0000000742200000, 0x0000000742200000| Untracked 
|  15|0x0000000742300000, 0x0000000742300000, 0x0000000742400000|  0%| F|  |TAMS 0x0000000742300000, 0x0000000742300000| Untracked 
|  16|0x0000000742400000, 0x0000000742400000, 0x0000000742500000|  0%| F|  |TAMS 0x0000000742400000, 0x0000000742400000| Untracked 
|  17|0x0000000742500000, 0x0000000742500000, 0x0000000742600000|  0%| F|  |TAMS 0x0000000742500000, 0x0000000742500000| Untracked 
|  18|0x0000000742600000, 0x0000000742600000, 0x0000000742700000|  0%| F|  |TAMS 0x0000000742600000, 0x0000000742600000| Untracked 
|  19|0x0000000742700000, 0x0000000742700000, 0x0000000742800000|  0%| F|  |TAMS 0x0000000742700000, 0x0000000742700000| Untracked 
|  20|0x0000000742800000, 0x0000000742800000, 0x0000000742900000|  0%| F|  |TAMS 0x0000000742800000, 0x0000000742800000| Untracked 
|  21|0x0000000742900000, 0x0000000742900000, 0x0000000742a00000|  0%| F|  |TAMS 0x0000000742900000, 0x0000000742900000| Untracked 
|  22|0x0000000742a00000, 0x0000000742a00000, 0x0000000742b00000|  0%| F|  |TAMS 0x0000000742a00000, 0x0000000742a00000| Untracked 
|  23|0x0000000742b00000, 0x0000000742b00000, 0x0000000742c00000|  0%| F|  |TAMS 0x0000000742b00000, 0x0000000742b00000| Untracked 
|  24|0x0000000742c00000, 0x0000000742c00000, 0x0000000742d00000|  0%| F|  |TAMS 0x0000000742c00000, 0x0000000742c00000| Untracked 
|  25|0x0000000742d00000, 0x0000000742d00000, 0x0000000742e00000|  0%| F|  |TAMS 0x0000000742d00000, 0x0000000742d00000| Untracked 
|  26|0x0000000742e00000, 0x0000000742e00000, 0x0000000742f00000|  0%| F|  |TAMS 0x0000000742e00000, 0x0000000742e00000| Untracked 
|  27|0x0000000742f00000, 0x0000000742f00000, 0x0000000743000000|  0%| F|  |TAMS 0x0000000742f00000, 0x0000000742f00000| Untracked 
|  28|0x0000000743000000, 0x0000000743000000, 0x0000000743100000|  0%| F|  |TAMS 0x0000000743000000, 0x0000000743000000| Untracked 
|  29|0x0000000743100000, 0x0000000743100000, 0x0000000743200000|  0%| F|  |TAMS 0x0000000743100000, 0x0000000743100000| Untracked 
|  30|0x0000000743200000, 0x0000000743200000, 0x0000000743300000|  0%| F|  |TAMS 0x0000000743200000, 0x0000000743200000| Untracked 
|  31|0x0000000743300000, 0x0000000743300000, 0x0000000743400000|  0%| F|  |TAMS 0x0000000743300000, 0x0000000743300000| Untracked 
|  32|0x0000000743400000, 0x0000000743400000, 0x0000000743500000|  0%| F|  |TAMS 0x0000000743400000, 0x0000000743400000| Untracked 
|  33|0x0000000743500000, 0x0000000743500000, 0x0000000743600000|  0%| F|  |TAMS 0x0000000743500000, 0x0000000743500000| Untracked 
|  34|0x0000000743600000, 0x0000000743600000, 0x0000000743700000|  0%| F|  |TAMS 0x0000000743600000, 0x0000000743600000| Untracked 
|  35|0x0000000743700000, 0x0000000743700000, 0x0000000743800000|  0%| F|  |TAMS 0x0000000743700000, 0x0000000743700000| Untracked 
|  36|0x0000000743800000, 0x0000000743800000, 0x0000000743900000|  0%| F|  |TAMS 0x0000000743800000, 0x0000000743800000| Untracked 
|  37|0x0000000743900000, 0x0000000743900000, 0x0000000743a00000|  0%| F|  |TAMS 0x0000000743900000, 0x0000000743900000| Untracked 
|  38|0x0000000743a00000, 0x0000000743a00000, 0x0000000743b00000|  0%| F|  |TAMS 0x0000000743a00000, 0x0000000743a00000| Untracked 
|  39|0x0000000743b00000, 0x0000000743b00000, 0x0000000743c00000|  0%| F|  |TAMS 0x0000000743b00000, 0x0000000743b00000| Untracked 
|  40|0x0000000743c00000, 0x0000000743c00000, 0x0000000743d00000|  0%| F|  |TAMS 0x0000000743c00000, 0x0000000743c00000| Untracked 
|  41|0x0000000743d00000, 0x0000000743d00000, 0x0000000743e00000|  0%| F|  |TAMS 0x0000000743d00000, 0x0000000743d00000| Untracked 
|  42|0x0000000743e00000, 0x0000000743e00000, 0x0000000743f00000|  0%| F|  |TAMS 0x0000000743e00000, 0x0000000743e00000| Untracked 
|  43|0x0000000743f00000, 0x0000000743f00000, 0x0000000744000000|  0%| F|  |TAMS 0x0000000743f00000, 0x0000000743f00000| Untracked 
|  44|0x0000000744000000, 0x0000000744000000, 0x0000000744100000|  0%| F|  |TAMS 0x0000000744000000, 0x0000000744000000| Untracked 
|  45|0x0000000744100000, 0x0000000744100000, 0x0000000744200000|  0%| F|  |TAMS 0x0000000744100000, 0x0000000744100000| Untracked 
|  46|0x0000000744200000, 0x0000000744200000, 0x0000000744300000|  0%| F|  |TAMS 0x0000000744200000, 0x0000000744200000| Untracked 
|  47|0x0000000744300000, 0x0000000744300000, 0x0000000744400000|  0%| F|  |TAMS 0x0000000744300000, 0x0000000744300000| Untracked 
|  48|0x0000000744400000, 0x0000000744400000, 0x0000000744500000|  0%| F|  |TAMS 0x0000000744400000, 0x0000000744400000| Untracked 
|  49|0x0000000744500000, 0x0000000744500000, 0x0000000744600000|  0%| F|  |TAMS 0x0000000744500000, 0x0000000744500000| Untracked 
|  50|0x0000000744600000, 0x0000000744600000, 0x0000000744700000|  0%| F|  |TAMS 0x0000000744600000, 0x0000000744600000| Untracked 
|  51|0x0000000744700000, 0x0000000744700000, 0x0000000744800000|  0%| F|  |TAMS 0x0000000744700000, 0x0000000744700000| Untracked 
|  52|0x0000000744800000, 0x0000000744800000, 0x0000000744900000|  0%| F|  |TAMS 0x0000000744800000, 0x0000000744800000| Untracked 
|  53|0x0000000744900000, 0x0000000744900000, 0x0000000744a00000|  0%| F|  |TAMS 0x0000000744900000, 0x0000000744900000| Untracked 
|  54|0x0000000744a00000, 0x0000000744a00000, 0x0000000744b00000|  0%| F|  |TAMS 0x0000000744a00000, 0x0000000744a00000| Untracked 
|  55|0x0000000744b00000, 0x0000000744b00000, 0x0000000744c00000|  0%| F|  |TAMS 0x0000000744b00000, 0x0000000744b00000| Untracked 
|  56|0x0000000744c00000, 0x0000000744c00000, 0x0000000744d00000|  0%| F|  |TAMS 0x0000000744c00000, 0x0000000744c00000| Untracked 
|  57|0x0000000744d00000, 0x0000000744d00000, 0x0000000744e00000|  0%| F|  |TAMS 0x0000000744d00000, 0x0000000744d00000| Untracked 
|  58|0x0000000744e00000, 0x0000000744e00000, 0x0000000744f00000|  0%| F|  |TAMS 0x0000000744e00000, 0x0000000744e00000| Untracked 
|  59|0x0000000744f00000, 0x0000000744f00000, 0x0000000745000000|  0%| F|  |TAMS 0x0000000744f00000, 0x0000000744f00000| Untracked 
|  60|0x0000000745000000, 0x0000000745000000, 0x0000000745100000|  0%| F|  |TAMS 0x0000000745000000, 0x0000000745000000| Untracked 
|  61|0x0000000745100000, 0x0000000745100000, 0x0000000745200000|  0%| F|  |TAMS 0x0000000745100000, 0x0000000745100000| Untracked 
|  62|0x0000000745200000, 0x0000000745200000, 0x0000000745300000|  0%| F|  |TAMS 0x0000000745200000, 0x0000000745200000| Untracked 
|  63|0x0000000745300000, 0x0000000745300000, 0x0000000745400000|  0%| F|  |TAMS 0x0000000745300000, 0x0000000745300000| Untracked 
|  64|0x0000000745400000, 0x0000000745400000, 0x0000000745500000|  0%| F|  |TAMS 0x0000000745400000, 0x0000000745400000| Untracked 
|  65|0x0000000745500000, 0x0000000745500000, 0x0000000745600000|  0%| F|  |TAMS 0x0000000745500000, 0x0000000745500000| Untracked 
|  66|0x0000000745600000, 0x0000000745600000, 0x0000000745700000|  0%| F|  |TAMS 0x0000000745600000, 0x0000000745600000| Untracked 
|  67|0x0000000745700000, 0x0000000745700000, 0x0000000745800000|  0%| F|  |TAMS 0x0000000745700000, 0x0000000745700000| Untracked 
|  68|0x0000000745800000, 0x0000000745800000, 0x0000000745900000|  0%| F|  |TAMS 0x0000000745800000, 0x0000000745800000| Untracked 
|  69|0x0000000745900000, 0x0000000745900000, 0x0000000745a00000|  0%| F|  |TAMS 0x0000000745900000, 0x0000000745900000| Untracked 
|  70|0x0000000745a00000, 0x0000000745a00000, 0x0000000745b00000|  0%| F|  |TAMS 0x0000000745a00000, 0x0000000745a00000| Untracked 
|  71|0x0000000745b00000, 0x0000000745b00000, 0x0000000745c00000|  0%| F|  |TAMS 0x0000000745b00000, 0x0000000745b00000| Untracked 
|  72|0x0000000745c00000, 0x0000000745c00000, 0x0000000745d00000|  0%| F|  |TAMS 0x0000000745c00000, 0x0000000745c00000| Untracked 
|  73|0x0000000745d00000, 0x0000000745d00000, 0x0000000745e00000|  0%| F|  |TAMS 0x0000000745d00000, 0x0000000745d00000| Untracked 
|  74|0x0000000745e00000, 0x0000000745e00000, 0x0000000745f00000|  0%| F|  |TAMS 0x0000000745e00000, 0x0000000745e00000| Untracked 
|  75|0x0000000745f00000, 0x0000000745f00000, 0x0000000746000000|  0%| F|  |TAMS 0x0000000745f00000, 0x0000000745f00000| Untracked 
|  76|0x0000000746000000, 0x0000000746000000, 0x0000000746100000|  0%| F|  |TAMS 0x0000000746000000, 0x0000000746000000| Untracked 
|  77|0x0000000746100000, 0x0000000746100000, 0x0000000746200000|  0%| F|  |TAMS 0x0000000746100000, 0x0000000746100000| Untracked 
|  78|0x0000000746200000, 0x0000000746200000, 0x0000000746300000|  0%| F|  |TAMS 0x0000000746200000, 0x0000000746200000| Untracked 
|  79|0x0000000746300000, 0x0000000746300000, 0x0000000746400000|  0%| F|  |TAMS 0x0000000746300000, 0x0000000746300000| Untracked 
|  80|0x0000000746400000, 0x0000000746400000, 0x0000000746500000|  0%| F|  |TAMS 0x0000000746400000, 0x0000000746400000| Untracked 
|  81|0x0000000746500000, 0x0000000746500000, 0x0000000746600000|  0%| F|  |TAMS 0x0000000746500000, 0x0000000746500000| Untracked 
|  82|0x0000000746600000, 0x0000000746600000, 0x0000000746700000|  0%| F|  |TAMS 0x0000000746600000, 0x0000000746600000| Untracked 
|  83|0x0000000746700000, 0x0000000746700000, 0x0000000746800000|  0%| F|  |TAMS 0x0000000746700000, 0x0000000746700000| Untracked 
|  84|0x0000000746800000, 0x0000000746800000, 0x0000000746900000|  0%| F|  |TAMS 0x0000000746800000, 0x0000000746800000| Untracked 
|  85|0x0000000746900000, 0x0000000746900000, 0x0000000746a00000|  0%| F|  |TAMS 0x0000000746900000, 0x0000000746900000| Untracked 
|  86|0x0000000746a00000, 0x0000000746a00000, 0x0000000746b00000|  0%| F|  |TAMS 0x0000000746a00000, 0x0000000746a00000| Untracked 
|  87|0x0000000746b00000, 0x0000000746b00000, 0x0000000746c00000|  0%| F|  |TAMS 0x0000000746b00000, 0x0000000746b00000| Untracked 
|  88|0x0000000746c00000, 0x0000000746c00000, 0x0000000746d00000|  0%| F|  |TAMS 0x0000000746c00000, 0x0000000746c00000| Untracked 
|  89|0x0000000746d00000, 0x0000000746d00000, 0x0000000746e00000|  0%| F|  |TAMS 0x0000000746d00000, 0x0000000746d00000| Untracked 
|  90|0x0000000746e00000, 0x0000000746e00000, 0x0000000746f00000|  0%| F|  |TAMS 0x0000000746e00000, 0x0000000746e00000| Untracked 
|  91|0x0000000746f00000, 0x0000000746f00000, 0x0000000747000000|  0%| F|  |TAMS 0x0000000746f00000, 0x0000000746f00000| Untracked 
|  92|0x0000000747000000, 0x0000000747000000, 0x0000000747100000|  0%| F|  |TAMS 0x0000000747000000, 0x0000000747000000| Untracked 
|  93|0x0000000747100000, 0x0000000747100000, 0x0000000747200000|  0%| F|  |TAMS 0x0000000747100000, 0x0000000747100000| Untracked 
|  94|0x0000000747200000, 0x0000000747200000, 0x0000000747300000|  0%| F|  |TAMS 0x0000000747200000, 0x0000000747200000| Untracked 
|  95|0x0000000747300000, 0x0000000747300000, 0x0000000747400000|  0%| F|  |TAMS 0x0000000747300000, 0x0000000747300000| Untracked 
|  96|0x0000000747400000, 0x0000000747400000, 0x0000000747500000|  0%| F|  |TAMS 0x0000000747400000, 0x0000000747400000| Untracked 
|  97|0x0000000747500000, 0x0000000747500000, 0x0000000747600000|  0%| F|  |TAMS 0x0000000747500000, 0x0000000747500000| Untracked 
|  98|0x0000000747600000, 0x0000000747600000, 0x0000000747700000|  0%| F|  |TAMS 0x0000000747600000, 0x0000000747600000| Untracked 
|  99|0x0000000747700000, 0x0000000747700000, 0x0000000747800000|  0%| F|  |TAMS 0x0000000747700000, 0x0000000747700000| Untracked 
| 100|0x0000000747800000, 0x0000000747800000, 0x0000000747900000|  0%| F|  |TAMS 0x0000000747800000, 0x0000000747800000| Untracked 
| 101|0x0000000747900000, 0x0000000747900000, 0x0000000747a00000|  0%| F|  |TAMS 0x0000000747900000, 0x0000000747900000| Untracked 
| 102|0x0000000747a00000, 0x0000000747a00000, 0x0000000747b00000|  0%| F|  |TAMS 0x0000000747a00000, 0x0000000747a00000| Untracked 
| 103|0x0000000747b00000, 0x0000000747b00000, 0x0000000747c00000|  0%| F|  |TAMS 0x0000000747b00000, 0x0000000747b00000| Untracked 
| 104|0x0000000747c00000, 0x0000000747c00000, 0x0000000747d00000|  0%| F|  |TAMS 0x0000000747c00000, 0x0000000747c00000| Untracked 
| 105|0x0000000747d00000, 0x0000000747d00000, 0x0000000747e00000|  0%| F|  |TAMS 0x0000000747d00000, 0x0000000747d00000| Untracked 
| 106|0x0000000747e00000, 0x0000000747e00000, 0x0000000747f00000|  0%| F|  |TAMS 0x0000000747e00000, 0x0000000747e00000| Untracked 
| 107|0x0000000747f00000, 0x0000000747f00000, 0x0000000748000000|  0%| F|  |TAMS 0x0000000747f00000, 0x0000000747f00000| Untracked 
| 108|0x0000000748000000, 0x0000000748000000, 0x0000000748100000|  0%| F|  |TAMS 0x0000000748000000, 0x0000000748000000| Untracked 
| 109|0x0000000748100000, 0x0000000748100000, 0x0000000748200000|  0%| F|  |TAMS 0x0000000748100000, 0x0000000748100000| Untracked 
| 110|0x0000000748200000, 0x0000000748200000, 0x0000000748300000|  0%| F|  |TAMS 0x0000000748200000, 0x0000000748200000| Untracked 
| 111|0x0000000748300000, 0x0000000748300000, 0x0000000748400000|  0%| F|  |TAMS 0x0000000748300000, 0x0000000748300000| Untracked 
| 112|0x0000000748400000, 0x0000000748400000, 0x0000000748500000|  0%| F|  |TAMS 0x0000000748400000, 0x0000000748400000| Untracked 
| 113|0x0000000748500000, 0x0000000748500000, 0x0000000748600000|  0%| F|  |TAMS 0x0000000748500000, 0x0000000748500000| Untracked 
| 114|0x0000000748600000, 0x0000000748600000, 0x0000000748700000|  0%| F|  |TAMS 0x0000000748600000, 0x0000000748600000| Untracked 
| 115|0x0000000748700000, 0x0000000748700000, 0x0000000748800000|  0%| F|  |TAMS 0x0000000748700000, 0x0000000748700000| Untracked 
| 116|0x0000000748800000, 0x0000000748800000, 0x0000000748900000|  0%| F|  |TAMS 0x0000000748800000, 0x0000000748800000| Untracked 
| 117|0x0000000748900000, 0x0000000748900000, 0x0000000748a00000|  0%| F|  |TAMS 0x0000000748900000, 0x0000000748900000| Untracked 
| 118|0x0000000748a00000, 0x0000000748a00000, 0x0000000748b00000|  0%| F|  |TAMS 0x0000000748a00000, 0x0000000748a00000| Untracked 
| 119|0x0000000748b00000, 0x0000000748b00000, 0x0000000748c00000|  0%| F|  |TAMS 0x0000000748b00000, 0x0000000748b00000| Untracked 
| 120|0x0000000748c00000, 0x0000000748c00000, 0x0000000748d00000|  0%| F|  |TAMS 0x0000000748c00000, 0x0000000748c00000| Untracked 
| 121|0x0000000748d00000, 0x0000000748d00000, 0x0000000748e00000|  0%| F|  |TAMS 0x0000000748d00000, 0x0000000748d00000| Untracked 
| 122|0x0000000748e00000, 0x0000000748e00000, 0x0000000748f00000|  0%| F|  |TAMS 0x0000000748e00000, 0x0000000748e00000| Untracked 
| 123|0x0000000748f00000, 0x0000000748f00000, 0x0000000749000000|  0%| F|  |TAMS 0x0000000748f00000, 0x0000000748f00000| Untracked 
| 124|0x0000000749000000, 0x0000000749000000, 0x0000000749100000|  0%| F|  |TAMS 0x0000000749000000, 0x0000000749000000| Untracked 
| 125|0x0000000749100000, 0x0000000749100000, 0x0000000749200000|  0%| F|  |TAMS 0x0000000749100000, 0x0000000749100000| Untracked 
| 126|0x0000000749200000, 0x0000000749200000, 0x0000000749300000|  0%| F|  |TAMS 0x0000000749200000, 0x0000000749200000| Untracked 
| 127|0x0000000749300000, 0x0000000749300000, 0x0000000749400000|  0%| F|  |TAMS 0x0000000749300000, 0x0000000749300000| Untracked 
| 128|0x0000000749400000, 0x0000000749400000, 0x0000000749500000|  0%| F|  |TAMS 0x0000000749400000, 0x0000000749400000| Untracked 
| 129|0x0000000749500000, 0x0000000749500000, 0x0000000749600000|  0%| F|  |TAMS 0x0000000749500000, 0x0000000749500000| Untracked 
| 130|0x0000000749600000, 0x0000000749600000, 0x0000000749700000|  0%| F|  |TAMS 0x0000000749600000, 0x0000000749600000| Untracked 
| 131|0x0000000749700000, 0x0000000749700000, 0x0000000749800000|  0%| F|  |TAMS 0x0000000749700000, 0x0000000749700000| Untracked 
| 132|0x0000000749800000, 0x0000000749800000, 0x0000000749900000|  0%| F|  |TAMS 0x0000000749800000, 0x0000000749800000| Untracked 
| 133|0x0000000749900000, 0x0000000749900000, 0x0000000749a00000|  0%| F|  |TAMS 0x0000000749900000, 0x0000000749900000| Untracked 
| 134|0x0000000749a00000, 0x0000000749a00000, 0x0000000749b00000|  0%| F|  |TAMS 0x0000000749a00000, 0x0000000749a00000| Untracked 
| 135|0x0000000749b00000, 0x0000000749b00000, 0x0000000749c00000|  0%| F|  |TAMS 0x0000000749b00000, 0x0000000749b00000| Untracked 
| 136|0x0000000749c00000, 0x0000000749c00000, 0x0000000749d00000|  0%| F|  |TAMS 0x0000000749c00000, 0x0000000749c00000| Untracked 
| 137|0x0000000749d00000, 0x0000000749d00000, 0x0000000749e00000|  0%| F|  |TAMS 0x0000000749d00000, 0x0000000749d00000| Untracked 
| 138|0x0000000749e00000, 0x0000000749e00000, 0x0000000749f00000|  0%| F|  |TAMS 0x0000000749e00000, 0x0000000749e00000| Untracked 
| 139|0x0000000749f00000, 0x0000000749f00000, 0x000000074a000000|  0%| F|  |TAMS 0x0000000749f00000, 0x0000000749f00000| Untracked 
| 140|0x000000074a000000, 0x000000074a000000, 0x000000074a100000|  0%| F|  |TAMS 0x000000074a000000, 0x000000074a000000| Untracked 
| 141|0x000000074a100000, 0x000000074a100000, 0x000000074a200000|  0%| F|  |TAMS 0x000000074a100000, 0x000000074a100000| Untracked 
| 142|0x000000074a200000, 0x000000074a200000, 0x000000074a300000|  0%| F|  |TAMS 0x000000074a200000, 0x000000074a200000| Untracked 
| 143|0x000000074a300000, 0x000000074a300000, 0x000000074a400000|  0%| F|  |TAMS 0x000000074a300000, 0x000000074a300000| Untracked 
| 144|0x000000074a400000, 0x000000074a400000, 0x000000074a500000|  0%| F|  |TAMS 0x000000074a400000, 0x000000074a400000| Untracked 
| 145|0x000000074a500000, 0x000000074a500000, 0x000000074a600000|  0%| F|  |TAMS 0x000000074a500000, 0x000000074a500000| Untracked 
| 146|0x000000074a600000, 0x000000074a600000, 0x000000074a700000|  0%| F|  |TAMS 0x000000074a600000, 0x000000074a600000| Untracked 
| 147|0x000000074a700000, 0x000000074a700000, 0x000000074a800000|  0%| F|  |TAMS 0x000000074a700000, 0x000000074a700000| Untracked 
| 148|0x000000074a800000, 0x000000074a800000, 0x000000074a900000|  0%| F|  |TAMS 0x000000074a800000, 0x000000074a800000| Untracked 
| 149|0x000000074a900000, 0x000000074a900000, 0x000000074aa00000|  0%| F|  |TAMS 0x000000074a900000, 0x000000074a900000| Untracked 
| 150|0x000000074aa00000, 0x000000074aa00000, 0x000000074ab00000|  0%| F|  |TAMS 0x000000074aa00000, 0x000000074aa00000| Untracked 
| 151|0x000000074ab00000, 0x000000074ab00000, 0x000000074ac00000|  0%| F|  |TAMS 0x000000074ab00000, 0x000000074ab00000| Untracked 
| 152|0x000000074ac00000, 0x000000074ac00000, 0x000000074ad00000|  0%| F|  |TAMS 0x000000074ac00000, 0x000000074ac00000| Untracked 
| 153|0x000000074ad00000, 0x000000074ad00000, 0x000000074ae00000|  0%| F|  |TAMS 0x000000074ad00000, 0x000000074ad00000| Untracked 
| 154|0x000000074ae00000, 0x000000074ae00000, 0x000000074af00000|  0%| F|  |TAMS 0x000000074ae00000, 0x000000074ae00000| Untracked 
| 155|0x000000074af00000, 0x000000074af00000, 0x000000074b000000|  0%| F|  |TAMS 0x000000074af00000, 0x000000074af00000| Untracked 
| 156|0x000000074b000000, 0x000000074b000000, 0x000000074b100000|  0%| F|  |TAMS 0x000000074b000000, 0x000000074b000000| Untracked 
| 157|0x000000074b100000, 0x000000074b100000, 0x000000074b200000|  0%| F|  |TAMS 0x000000074b100000, 0x000000074b100000| Untracked 
| 158|0x000000074b200000, 0x000000074b200000, 0x000000074b300000|  0%| F|  |TAMS 0x000000074b200000, 0x000000074b200000| Untracked 
| 159|0x000000074b300000, 0x000000074b300000, 0x000000074b400000|  0%| F|  |TAMS 0x000000074b300000, 0x000000074b300000| Untracked 
| 160|0x000000074b400000, 0x000000074b400000, 0x000000074b500000|  0%| F|  |TAMS 0x000000074b400000, 0x000000074b400000| Untracked 
| 161|0x000000074b500000, 0x000000074b500000, 0x000000074b600000|  0%| F|  |TAMS 0x000000074b500000, 0x000000074b500000| Untracked 
| 162|0x000000074b600000, 0x000000074b600000, 0x000000074b700000|  0%| F|  |TAMS 0x000000074b600000, 0x000000074b600000| Untracked 
| 163|0x000000074b700000, 0x000000074b700000, 0x000000074b800000|  0%| F|  |TAMS 0x000000074b700000, 0x000000074b700000| Untracked 
| 164|0x000000074b800000, 0x000000074b800000, 0x000000074b900000|  0%| F|  |TAMS 0x000000074b800000, 0x000000074b800000| Untracked 
| 165|0x000000074b900000, 0x000000074b900000, 0x000000074ba00000|  0%| F|  |TAMS 0x000000074b900000, 0x000000074b900000| Untracked 
| 166|0x000000074ba00000, 0x000000074ba00000, 0x000000074bb00000|  0%| F|  |TAMS 0x000000074ba00000, 0x000000074ba00000| Untracked 
| 167|0x000000074bb00000, 0x000000074bb00000, 0x000000074bc00000|  0%| F|  |TAMS 0x000000074bb00000, 0x000000074bb00000| Untracked 
| 168|0x000000074bc00000, 0x000000074bc00000, 0x000000074bd00000|  0%| F|  |TAMS 0x000000074bc00000, 0x000000074bc00000| Untracked 
| 169|0x000000074bd00000, 0x000000074bd00000, 0x000000074be00000|  0%| F|  |TAMS 0x000000074bd00000, 0x000000074bd00000| Untracked 
| 170|0x000000074be00000, 0x000000074be00000, 0x000000074bf00000|  0%| F|  |TAMS 0x000000074be00000, 0x000000074be00000| Untracked 
| 171|0x000000074bf00000, 0x000000074bf00000, 0x000000074c000000|  0%| F|  |TAMS 0x000000074bf00000, 0x000000074bf00000| Untracked 
| 172|0x000000074c000000, 0x000000074c000000, 0x000000074c100000|  0%| F|  |TAMS 0x000000074c000000, 0x000000074c000000| Untracked 
| 173|0x000000074c100000, 0x000000074c100000, 0x000000074c200000|  0%| F|  |TAMS 0x000000074c100000, 0x000000074c100000| Untracked 
| 174|0x000000074c200000, 0x000000074c200000, 0x000000074c300000|  0%| F|  |TAMS 0x000000074c200000, 0x000000074c200000| Untracked 
| 175|0x000000074c300000, 0x000000074c300000, 0x000000074c400000|  0%| F|  |TAMS 0x000000074c300000, 0x000000074c300000| Untracked 
| 176|0x000000074c400000, 0x000000074c400000, 0x000000074c500000|  0%| F|  |TAMS 0x000000074c400000, 0x000000074c400000| Untracked 
| 177|0x000000074c500000, 0x000000074c500000, 0x000000074c600000|  0%| F|  |TAMS 0x000000074c500000, 0x000000074c500000| Untracked 
| 178|0x000000074c600000, 0x000000074c6c4ab0, 0x000000074c700000| 76%| S|CS|TAMS 0x000000074c600000, 0x000000074c600000| Complete 
| 179|0x000000074c700000, 0x000000074c800000, 0x000000074c800000|100%| S|CS|TAMS 0x000000074c700000, 0x000000074c700000| Complete 
| 180|0x000000074c800000, 0x000000074c900000, 0x000000074c900000|100%| S|CS|TAMS 0x000000074c800000, 0x000000074c800000| Complete 
| 181|0x000000074c900000, 0x000000074ca00000, 0x000000074ca00000|100%| S|CS|TAMS 0x000000074c900000, 0x000000074c900000| Complete 
| 182|0x000000074ca00000, 0x000000074cb00000, 0x000000074cb00000|100%| S|CS|TAMS 0x000000074ca00000, 0x000000074ca00000| Complete 
| 183|0x000000074cb00000, 0x000000074cc00000, 0x000000074cc00000|100%| S|CS|TAMS 0x000000074cb00000, 0x000000074cb00000| Complete 
| 184|0x000000074cc00000, 0x000000074cc00000, 0x000000074cd00000|  0%| F|  |TAMS 0x000000074cc00000, 0x000000074cc00000| Untracked 
| 185|0x000000074cd00000, 0x000000074cd00000, 0x000000074ce00000|  0%| F|  |TAMS 0x000000074cd00000, 0x000000074cd00000| Untracked 
| 186|0x000000074ce00000, 0x000000074ce00000, 0x000000074cf00000|  0%| F|  |TAMS 0x000000074ce00000, 0x000000074ce00000| Untracked 
| 187|0x000000074cf00000, 0x000000074cf00000, 0x000000074d000000|  0%| F|  |TAMS 0x000000074cf00000, 0x000000074cf00000| Untracked 
| 188|0x000000074d000000, 0x000000074d000000, 0x000000074d100000|  0%| F|  |TAMS 0x000000074d000000, 0x000000074d000000| Untracked 
| 189|0x000000074d100000, 0x000000074d100000, 0x000000074d200000|  0%| F|  |TAMS 0x000000074d100000, 0x000000074d100000| Untracked 
| 190|0x000000074d200000, 0x000000074d200000, 0x000000074d300000|  0%| F|  |TAMS 0x000000074d200000, 0x000000074d200000| Untracked 
| 191|0x000000074d300000, 0x000000074d300000, 0x000000074d400000|  0%| F|  |TAMS 0x000000074d300000, 0x000000074d300000| Untracked 

Card table byte_map: [0x0000022aaccb0000,0x0000022aad2b0000] _byte_map_base: 0x0000022aa92a6000

Marking Bits (Prev, Next): (CMBitMap*) 0x0000022a94fcae48, (CMBitMap*) 0x0000022a94fcae88
 Prev Bits: [0x0000022aad8b0000, 0x0000022ab0860000)
 Next Bits: [0x0000022ab0860000, 0x0000022ab3810000)

Polling page: 0x0000022a92d50000

Metaspace:

Usage:
  Non-class:     14.13 MB capacity,    13.71 MB ( 97%) used,   372.35 KB (  3%) free+waste,    59.19 KB ( <1%) overhead. 
      Class:      2.36 MB capacity,     2.14 MB ( 91%) used,   185.20 KB (  8%) free+waste,    31.19 KB (  1%) overhead. 
       Both:     16.48 MB capacity,    15.85 MB ( 96%) used,   557.55 KB (  3%) free+waste,    90.38 KB ( <1%) overhead. 

Virtual space:
  Non-class space:       28.00 MB reserved,      14.25 MB ( 51%) committed 
      Class space:        1.00 GB reserved,       2.38 MB ( <1%) committed 
             Both:        1.03 GB reserved,      16.63 MB (  2%) committed 

Chunk freelists:
   Non-Class:  7.50 KB
       Class:  2.50 KB
        Both:  10.00 KB

CodeHeap 'non-profiled nmethods': size=238336Kb used=3050Kb max_used=3070Kb free=235285Kb
 bounds [0x0000022a9dab0000, 0x0000022a9ddb0000, 0x0000022aac370000]
CodeHeap 'non-nmethods': size=7424Kb used=1170Kb max_used=1170Kb free=6253Kb
 bounds [0x0000022a9d370000, 0x0000022a9d5e0000, 0x0000022a9dab0000]
 total_blobs=2488 nmethods=1965 adapters=416
 compilation: enabled
              stopped_count=1, restarted_count=1
 full_count=1

Compilation events (10 events):
Event: 1.957 Thread 0x0000022ab6ad1000 1984  s!   1       jdk.internal.loader.URLClassPath::getLoader (194 bytes)
Event: 1.963 Thread 0x0000022ab6ad1000 

Event: 2.053 Thread 0x0000022ab6ad1000 1986       1       java.util.LinkedList::linkBefore (63 bytes)
Event: 2.054 Thread 0x0000022ab6ad1000 nmethod 1986 0x0000022a9dbc2590 code [0x0000022a9dbc2760, 0x0000022a9dbc2b98]
Event: 2.065 Thread 0x0000022ab6ad1000 1987  s!   1       jdk.internal.loader.URLClassPath::getLoader (194 bytes)
Event: 2.068 Thread 0x0000022ab6ad1000 nmethod 1987 0x0000022a9dc61610 code [0x0000022a9dc618e0, 0x0000022a9dc62810]
Event: 2.078 Thread 0x0000022ab6ad1000 1988   !   1       java.lang.invoke.MethodHandles$Lookup::canBeCached (150 bytes)
Event: 2.082 Thread 0x0000022ab6ad1000 nmethod 1988 0x0000022a9dbc1410 code [0x0000022a9dbc16a0, 0x0000022a9dbc1f90]
Event: 2.084 Thread 0x0000022ab6ad1000 1989       1       java.lang.ClassLoader::getParent (32 bytes)
Event: 2.086 Thread 0x0000022ab6ad1000 nmethod 1989 0x0000022a9dc16310 code [0x0000022a9dc164e0, 0x0000022a9dc167a0]

GC Heap History (8 events):
Event: 1.435 GC heap before
{Heap before GC invocations=0 (full 0):
 garbage-first heap   total 196608K, used 24576K [0x0000000741400000, 0x0000000800000000)
  region size 1024K, 24 young (24576K), 0 survivors (0K)
 Metaspace       used 6191K, capacity 6558K, committed 6912K, reserved 1056768K
  class space    used 769K, capacity 902K, committed 1024K, reserved 1048576K
}
Event: 1.442 GC heap after
{Heap after GC invocations=1 (full 0):
 garbage-first heap   total 196608K, used 6922K [0x0000000741400000, 0x0000000800000000)
  region size 1024K, 3 young (3072K), 3 survivors (3072K)
 Metaspace       used 6191K, capacity 6558K, committed 6912K, reserved 1056768K
  class space    used 769K, capacity 902K, committed 1024K, reserved 1048576K
}
Event: 1.607 GC heap before
{Heap before GC invocations=1 (full 0):
 garbage-first heap   total 196608K, used 46858K [0x0000000741400000, 0x0000000800000000)
  region size 1024K, 43 young (44032K), 3 survivors (3072K)
 Metaspace       used 7261K, capacity 7580K, committed 7808K, reserved 1056768K
  class space    used 932K, capacity 1048K, committed 1152K, reserved 1048576K
}
Event: 1.614 GC heap after
{Heap after GC invocations=2 (full 0):
 garbage-first heap   total 196608K, used 7471K [0x0000000741400000, 0x0000000800000000)
  region size 1024K, 4 young (4096K), 4 survivors (4096K)
 Metaspace       used 7261K, capacity 7580K, committed 7808K, reserved 1056768K
  class space    used 932K, capacity 1048K, committed 1152K, reserved 1048576K
}
Event: 1.906 GC heap before
{Heap before GC invocations=2 (full 0):
 garbage-first heap   total 196608K, used 61743K [0x0000000741400000, 0x0000000800000000)
  region size 1024K, 58 young (59392K), 4 survivors (4096K)
 Metaspace       used 15043K, capacity 15631K, committed 15872K, reserved 1071104K
  class space    used 2065K, capacity 2297K, committed 2304K, reserved 1048576K
}
Event: 1.910 GC heap after
{Heap after GC invocations=3 (full 0):
 garbage-first heap   total 196608K, used 9470K [0x0000000741400000, 0x0000000800000000)
  region size 1024K, 6 young (6144K), 6 survivors (6144K)
 Metaspace       used 15043K, capacity 15631K, committed 15872K, reserved 1071104K
  class space    used 2065K, capacity 2297K, committed 2304K, reserved 1048576K
}
Event: 2.093 GC heap before
{Heap before GC invocations=3 (full 0):
 garbage-first heap   total 196608K, used 16638K [0x0000000741400000, 0x0000000800000000)
  region size 1024K, 14 young (14336K), 6 survivors (6144K)
 Metaspace       used 16232K, capacity 16880K, committed 17024K, reserved 1077248K
  class space    used 2195K, capacity 2412K, committed 2432K, reserved 1048576K
}
Event: 2.110 GC heap after
{Heap after GC invocations=4 (full 0):
 garbage-first heap   total 196608K, used 9756K [0x0000000741400000, 0x0000000800000000)
  region size 1024K, 6 young (6144K), 6 survivors (6144K)
 Metaspace       used 16232K, capacity 16880K, committed 17024K, reserved 1077248K
  class space    used 2195K, capacity 2412K, committed 2432K, reserved 1048576K
}

Deoptimization events (0 events):
No events

Classes redefined (0 events):
No events

Internal exceptions (10 events):
Event: 1.905 Thread 0x0000022ab6ac7800 Exception <a 'java/lang/ClassNotFoundException'{0x0000000749ab96b0}: org/springframework/beans/factory/support/BeanDefinitionRegistryPostProcessorCustomizer> (0x0000000749ab96b0) thrown at [t:/workspace/open/src/hotspot/share/classfile/systemDictionary.cp
Event: 1.905 Thread 0x0000022ab6ac7800 Exception <a 'java/lang/ClassNotFoundException'{0x0000000749aca798}: org/springframework/beans/factory/config/BeanFactoryPostProcessorCustomizer> (0x0000000749aca798) thrown at [t:/workspace/open/src/hotspot/share/classfile/systemDictionary.cpp, line 235]
Event: 1.911 Thread 0x0000022ab6ac7800 Exception <a 'java/lang/ClassNotFoundException'{0x000000074d3732d0}: org/springframework/core/PriorityOrderedCustomizer> (0x000000074d3732d0) thrown at [t:/workspace/open/src/hotspot/share/classfile/systemDictionary.cpp, line 235]
Event: 1.911 Thread 0x0000022ab6ac7800 Exception <a 'java/lang/ClassNotFoundException'{0x000000074d37f960}: org/springframework/core/OrderedCustomizer> (0x000000074d37f960) thrown at [t:/workspace/open/src/hotspot/share/classfile/systemDictionary.cpp, line 235]
Event: 1.912 Thread 0x0000022ab6ac7800 Exception <a 'java/lang/ClassNotFoundException'{0x000000074d38e5e8}: org/springframework/context/ResourceLoaderAwareCustomizer> (0x000000074d38e5e8) thrown at [t:/workspace/open/src/hotspot/share/classfile/systemDictionary.cpp, line 235]
Event: 1.912 Thread 0x0000022ab6ac7800 Exception <a 'java/lang/ClassNotFoundException'{0x000000074d39c768}: org/springframework/beans/factory/AwareCustomizer> (0x000000074d39c768) thrown at [t:/workspace/open/src/hotspot/share/classfile/systemDictionary.cpp, line 235]
Event: 1.913 Thread 0x0000022ab6ac7800 Exception <a 'java/lang/ClassNotFoundException'{0x000000074d3ab1c0}: org/springframework/beans/factory/BeanClassLoaderAwareCustomizer> (0x000000074d3ab1c0) thrown at [t:/workspace/open/src/hotspot/share/classfile/systemDictionary.cpp, line 235]
Event: 1.913 Thread 0x0000022ab6ac7800 Exception <a 'java/lang/ClassNotFoundException'{0x000000074d3b9358}: org/springframework/beans/factory/AwareCustomizer> (0x000000074d3b9358) thrown at [t:/workspace/open/src/hotspot/share/classfile/systemDictionary.cpp, line 235]
Event: 1.913 Thread 0x0000022ab6ac7800 Exception <a 'java/lang/ClassNotFoundException'{0x000000074d3c6e58}: org/springframework/context/EnvironmentAwareCustomizer> (0x000000074d3c6e58) thrown at [t:/workspace/open/src/hotspot/share/classfile/systemDictionary.cpp, line 235]
Event: 1.914 Thread 0x0000022ab6ac7800 Exception <a 'java/lang/ClassNotFoundException'{0x000000074d3d4f40}: org/springframework/beans/factory/AwareCustomizer> (0x000000074d3d4f40) thrown at [t:/workspace/open/src/hotspot/share/classfile/systemDictionary.cpp, line 235]

Events (10 events):
Event: 2.088 loading class com/fasterxml/jackson/datatype/jsr310/deser/LocalDateDeserializer done
Event: 2.089 loading class com/fasterxml/jackson/datatype/jsr310/deser/LocalTimeDeserializer
Event: 2.089 loading class com/fasterxml/jackson/datatype/jsr310/deser/LocalTimeDeserializer done
Event: 2.090 loading class org/springframework/asm/MethodWriter
Event: 2.090 loading class org/springframework/asm/MethodWriter done
Event: 2.091 loading class com/fasterxml/jackson/datatype/jsr310/deser/MonthDayDeserializer
Event: 2.091 loading class com/fasterxml/jackson/datatype/jsr310/deser/MonthDayDeserializer done
Event: 2.091 loading class com/fasterxml/jackson/datatype/jsr310/deser/OffsetTimeDeserializer
Event: 2.091 loading class com/fasterxml/jackson/datatype/jsr310/deser/OffsetTimeDeserializer done
Event: 2.092 Executing VM operation: CollectForMetadataAllocation


Dynamic libraries:
0x00007ff7f0c60000 - 0x00007ff7f0c6f000 	C:\Program Files\Java\jdk-12.0.2\bin\javaw.exe
0x00007ffb83a40000 - 0x00007ffb83c21000 	C:\WINDOWS\SYSTEM32\ntdll.dll
0x00007ffb81020000 - 0x00007ffb810d1000 	C:\WINDOWS\System32\KERNEL32.DLL
0x00007ffb80130000 - 0x00007ffb803a3000 	C:\WINDOWS\System32\KERNELBASE.dll
0x00007ffb80c60000 - 0x00007ffb80d58000 	C:\WINDOWS\System32\ucrtbase.dll
0x00007ffb69170000 - 0x00007ffb69188000 	C:\Program Files\Java\jdk-12.0.2\bin\jli.dll
0x00007ffb6fb90000 - 0x00007ffb6fba6000 	C:\Program Files\Java\jdk-12.0.2\bin\VCRUNTIME140.dll
0x00007ffb81d20000 - 0x00007ffb81dc1000 	C:\WINDOWS\System32\ADVAPI32.dll
0x00007ffb82470000 - 0x00007ffb8250e000 	C:\WINDOWS\System32\msvcrt.dll
0x00007ffb80ed0000 - 0x00007ffb80f2b000 	C:\WINDOWS\System32\sechost.dll
0x00007ffb82210000 - 0x00007ffb82334000 	C:\WINDOWS\System32\RPCRT4.dll
0x00007ffb81390000 - 0x00007ffb81520000 	C:\WINDOWS\System32\USER32.dll
0x00007ffb80eb0000 - 0x00007ffb80ed0000 	C:\WINDOWS\System32\win32u.dll
0x00007ffb825a0000 - 0x00007ffb825c8000 	C:\WINDOWS\System32\GDI32.dll
0x00007ffb80ac0000 - 0x00007ffb80c51000 	C:\WINDOWS\System32\gdi32full.dll
0x00007ffb80dc0000 - 0x00007ffb80e5f000 	C:\WINDOWS\System32\msvcp_win.dll
0x00007ffb74830000 - 0x00007ffb74a99000 	C:\WINDOWS\WinSxS\amd64_microsoft.windows.common-controls_6595b64144ccf1df_6.0.17134.950_none_fb3da4273069d3e0\COMCTL32.dll
0x00007ffb81e40000 - 0x00007ffb82162000 	C:\WINDOWS\System32\combase.dll
0x00007ffb74330000 - 0x00007ffb7433a000 	C:\WINDOWS\SYSTEM32\VERSION.dll
0x00007ffb800b0000 - 0x00007ffb80129000 	C:\WINDOWS\System32\bcryptPrimitives.dll
0x00007ffb82510000 - 0x00007ffb8253d000 	C:\WINDOWS\System32\IMM32.DLL
0x00007ffb5afb0000 - 0x00007ffb5b05a000 	C:\Program Files\Java\jdk-12.0.2\bin\msvcp140.dll
0x00007ffb42830000 - 0x00007ffb433a7000 	C:\Program Files\Java\jdk-12.0.2\bin\server\jvm.dll
0x00007ffb81370000 - 0x00007ffb81378000 	C:\WINDOWS\System32\PSAPI.DLL
0x00007ffb71e70000 - 0x00007ffb71e79000 	C:\WINDOWS\SYSTEM32\WSOCK32.dll
0x00007ffb7c130000 - 0x00007ffb7c153000 	C:\WINDOWS\SYSTEM32\WINMM.dll
0x00007ffb81dd0000 - 0x00007ffb81e3c000 	C:\WINDOWS\System32\WS2_32.dll
0x00007ffb7c100000 - 0x00007ffb7c12a000 	C:\WINDOWS\SYSTEM32\winmmbase.dll
0x00007ffb80e60000 - 0x00007ffb80ea9000 	C:\WINDOWS\System32\cfgmgr32.dll
0x00007ffb7fdb0000 - 0x00007ffb7fdc1000 	C:\WINDOWS\System32\kernel.appcore.dll
0x00007ffb7aab0000 - 0x00007ffb7aac1000 	C:\Program Files\Java\jdk-12.0.2\bin\verify.dll
0x00007ffb7e790000 - 0x00007ffb7e959000 	C:\WINDOWS\SYSTEM32\DBGHELP.DLL
0x00007ffb750b0000 - 0x00007ffb750d9000 	C:\WINDOWS\SYSTEM32\dbgcore.DLL
0x00007ffb68b60000 - 0x00007ffb68b86000 	C:\Program Files\Java\jdk-12.0.2\bin\java.dll
0x00007ffb7a8c0000 - 0x00007ffb7a8d7000 	C:\Program Files\Java\jdk-12.0.2\bin\zip.dll
0x00007ffb7b330000 - 0x00007ffb7b33a000 	C:\Program Files\Java\jdk-12.0.2\bin\jimage.dll
0x00007ffb825d0000 - 0x00007ffb83a10000 	C:\WINDOWS\System32\SHELL32.dll
0x00007ffb82360000 - 0x00007ffb82409000 	C:\WINDOWS\System32\shcore.dll
0x00007ffb803b0000 - 0x00007ffb80abd000 	C:\WINDOWS\System32\windows.storage.dll
0x00007ffb82540000 - 0x00007ffb82591000 	C:\WINDOWS\System32\shlwapi.dll
0x00007ffb7fdd0000 - 0x00007ffb7fdef000 	C:\WINDOWS\System32\profapi.dll
0x00007ffb7fd60000 - 0x00007ffb7fdac000 	C:\WINDOWS\System32\powrprof.dll
0x00007ffb7fd50000 - 0x00007ffb7fd5a000 	C:\WINDOWS\System32\FLTLIB.DLL
0x00007ffb7a160000 - 0x00007ffb7a179000 	C:\Program Files\Java\jdk-12.0.2\bin\net.dll
0x00007ffb75ae0000 - 0x00007ffb75bbd000 	C:\WINDOWS\SYSTEM32\WINHTTP.dll
0x00007ffb6ff20000 - 0x00007ffb700e9000 	C:\WINDOWS\SYSTEM32\urlmon.dll
0x00007ffb6e530000 - 0x00007ffb6e7d6000 	C:\WINDOWS\SYSTEM32\iertutil.dll
0x00007ffb7f7a0000 - 0x00007ffb7f7ab000 	C:\WINDOWS\SYSTEM32\CRYPTBASE.DLL
0x00007ffb7f5d0000 - 0x00007ffb7f636000 	C:\WINDOWS\system32\mswsock.dll
0x00007ffb79eb0000 - 0x00007ffb79ec3000 	C:\Program Files\Java\jdk-12.0.2\bin\nio.dll
0x00007ffb7ab40000 - 0x00007ffb7ab49000 	C:\Program Files\Java\jdk-12.0.2\bin\management.dll
0x00007ffb7a880000 - 0x00007ffb7a88c000 	C:\Program Files\Java\jdk-12.0.2\bin\management_ext.dll
0x00007ffb67f30000 - 0x00007ffb67f46000 	C:\WINDOWS\system32\napinsp.dll
0x00007ffb67de0000 - 0x00007ffb67dfa000 	C:\WINDOWS\system32\pnrpnsp.dll
0x00007ffb7acf0000 - 0x00007ffb7ad09000 	C:\WINDOWS\system32\NLAapi.dll
0x00007ffb7f360000 - 0x00007ffb7f41e000 	C:\WINDOWS\SYSTEM32\DNSAPI.dll
0x00007ffb81380000 - 0x00007ffb81388000 	C:\WINDOWS\System32\NSI.dll
0x00007ffb7f320000 - 0x00007ffb7f358000 	C:\WINDOWS\SYSTEM32\IPHLPAPI.DLL
0x00007ffb67dd0000 - 0x00007ffb67dde000 	C:\WINDOWS\System32\winrnr.dll
0x00007ffb75290000 - 0x00007ffb752a5000 	C:\WINDOWS\System32\wshbth.dll
0x00007ffb74350000 - 0x00007ffb7435a000 	C:\Windows\System32\rasadhlp.dll
0x00007ffb72ec0000 - 0x00007ffb72f32000 	C:\WINDOWS\System32\fwpuclnt.dll
0x00007ffb7f8b0000 - 0x00007ffb7f8d5000 	C:\WINDOWS\SYSTEM32\bcrypt.dll
0x00007ffb7f780000 - 0x00007ffb7f797000 	C:\WINDOWS\SYSTEM32\CRYPTSP.dll
0x00007ffb7f180000 - 0x00007ffb7f1b3000 	C:\WINDOWS\system32\rsaenh.dll
0x00007ffb7fc50000 - 0x00007ffb7fc78000 	C:\WINDOWS\SYSTEM32\USERENV.dll
0x00007ffb757d0000 - 0x00007ffb757e6000 	C:\WINDOWS\SYSTEM32\dhcpcsvc6.DLL
0x00007ffb759e0000 - 0x00007ffb759fa000 	C:\WINDOWS\SYSTEM32\dhcpcsvc.DLL

dbghelp: loaded successfully - version: 4.0.5 - missing functions: none
symbol engine: initialized successfully - sym options: 0x614 - pdb path: .;C:\Program Files\Java\jdk-12.0.2\bin;C:\WINDOWS\SYSTEM32;C:\WINDOWS\WinSxS\amd64_microsoft.windows.common-controls_6595b64144ccf1df_6.0.17134.950_none_fb3da4273069d3e0;C:\Program Files\Java\jdk-12.0.2\bin\server

VM Arguments:
jvm_args: -Dcom.sun.management.jmxremote -Dcom.sun.management.jmxremote.port=64604 -Dcom.sun.management.jmxremote.authenticate=false -Dcom.sun.management.jmxremote.ssl=false -Djava.rmi.server.hostname=localhost -Dspring.jmx.enabled=true -Dspring.application.admin.enabled=true -Xverify:none -XX:TieredStopAtLevel=1 -Dfile.encoding=UTF-8 
java_command: com.bolsadeideas.springboot.app.SpringBootDataJpaApplication --spring.output.ansi.enabled=always
java_class_path (initial): C:\Spring5\workspace\spring-boot-data-jpa\target\classes;C:\Users\T001\.m2\repository\org\springframework\boot\spring-boot-starter-data-jpa\2.1.4.RELEASE\spring-boot-starter-data-jpa-2.1.4.RELEASE.jar;C:\Users\T001\.m2\repository\org\springframework\boot\spring-boot-starter-aop\2.1.4.RELEASE\spring-boot-starter-aop-2.1.4.RELEASE.jar;C:\Users\T001\.m2\repository\org\springframework\spring-aop\5.1.6.RELEASE\spring-aop-5.1.6.RELEASE.jar;C:\Users\T001\.m2\repository\org\aspectj\aspectjweaver\1.9.2\aspectjweaver-1.9.2.jar;C:\Users\T001\.m2\repository\org\springframework\boot\spring-boot-starter-jdbc\2.1.4.RELEASE\spring-boot-starter-jdbc-2.1.4.RELEASE.jar;C:\Users\T001\.m2\repository\com\zaxxer\HikariCP\3.2.0\HikariCP-3.2.0.jar;C:\Users\T001\.m2\repository\org\springframework\spring-jdbc\5.1.6.RELEASE\spring-jdbc-5.1.6.RELEASE.jar;C:\Users\T001\.m2\repository\javax\transaction\javax.transaction-api\1.3\javax.transaction-api-1.3.jar;C:\Users\T001\.m2\repository\javax\xml\bind\jaxb-api\2.3.1\jaxb-api-2.3.1.jar;C:\Users\T001\.m2\repository\javax\activation\javax.activation-api\1.2.0\javax.activation-api-1.2.0.jar;C:\Users\T001\.m2\repository\org\hibernate\hibernate-core\5.3.9.Final\hibernate-core-5.3.9.Final.jar;C:\Users\T001\.m2\repository\org\jboss\logging\jboss-logging\3.3.2.Final\jboss-logging-3.3.2.Final.jar;C:\Users\T001\.m2\repository\javax\persistence\javax.persistence-api\2.2\javax.persistence-api-2.2.jar;C:\Users\T001\.m2\repository\org\javassist\javassist\3.23.1-GA\javassist-3.23.1-GA.jar;C:\Users\T001\.m2\repository\net\bytebuddy\byte-buddy\1.9.12\byte-buddy-1.9.12.jar;C:\Users\T001\.m2\repository\antlr\antlr\2.7.7\antlr-2.7.7.jar;C:\Users\T001\.m2\repository\org\jboss\jandex\2.0.5.Final\jandex-2.0.5.Final.jar;C:\Users\T001\.m2\repository\com\fasterxml\classmate\1.4.0\classmate-1.4.0.jar;C:\Users\T001\.m2\repository\org\dom4j\dom4j\2.1.1\dom4j-2.1.1.jar;C:\Users\T001\.m2\repository\org\hibernate\common\hibernate-commons-annotations\5
Launcher Type: SUN_STANDARD

[Global flags]
     bool BytecodeVerificationLocal                = false                                     {product} {command line}
     bool BytecodeVerificationRemote               = false                                     {product} {command line}
     intx CICompilerCount                          = 4                                         {product} {ergonomic}
     uint ConcGCThreads                            = 2                                         {product} {ergonomic}
     uint G1ConcRefinementThreads                  = 8                                         {product} {ergonomic}
   size_t G1HeapRegionSize                         = 1048576                                   {product} {ergonomic}
    uintx GCDrainStackTargetSize                   = 64                                        {product} {ergonomic}
   size_t InitialHeapSize                          = 201326592                                 {product} {ergonomic}
     bool ManagementServer                         = true                                      {product} {command line}
   size_t MarkStackSize                            = 4194304                                   {product} {ergonomic}
   size_t MaxHeapSize                              = 3200253952                                {product} {ergonomic}
   size_t MaxNewSize                               = 1919942656                                {product} {ergonomic}
   size_t MinHeapDeltaBytes                        = 1048576                                   {product} {ergonomic}
    uintx NonNMethodCodeHeapSize                   = 7549744                                {pd product} {ergonomic}
    uintx NonProfiledCodeHeapSize                  = 244108496                              {pd product} {ergonomic}
    uintx ProfiledCodeHeapSize                     = 0                                      {pd product} {ergonomic}
    uintx ReservedCodeCacheSize                    = 251658240                              {pd product} {ergonomic}
     bool SegmentedCodeCache                       = true                                      {product} {ergonomic}
     intx TieredStopAtLevel                        = 1                                         {product} {command line}
     bool UseCompressedClassPointers               = true                                 {lp64_product} {ergonomic}
     bool UseCompressedOops                        = true                                 {lp64_product} {ergonomic}
     bool UseG1GC                                  = true                                      {product} {ergonomic}
     bool UseLargePagesIndividualAllocation        = false                                  {pd product} {ergonomic}

Logging:
Log output configuration:
 #0: stdout all=warning uptime,level,tags
 #1: stderr all=off uptime,level,tags

Environment Variables:
PATH=C:/Program Files/Java/jdk-12.0.2/bin/server;C:/Program Files/Java/jdk-12.0.2/bin;C:\Program Files (x86)\Intel\Intel(R) Management Engine Components\iCLS\;C:\Program Files\Intel\Intel(R) Management Engine Components\iCLS\;C:\WINDOWS\system32;C:\WINDOWS;C:\WINDOWS\System32\Wbem;C:\WINDOWS\System32\WindowsPowerShell\v1.0\;C:\Program Files (x86)\Intel\Intel(R) Management Engine Components\DAL;C:\Program Files\Intel\Intel(R) Management Engine Components\DAL;C:\Program Files (x86)\Intel\Intel(R) Management Engine Components\IPT;C:\Program Files\Intel\Intel(R) Management Engine Components\IPT;C:\WINDOWS\System32\OpenSSH\;C:\Program Files\Java\jdk-12.0.2\bin;C:\Users\T001\AppData\Local\Microsoft\WindowsApps;C:\AppServ\Apache24\bin;C:\AppServ\php5;C:\Spring5\sts-4.3.1.RELEASE;
USERNAME=T001
OS=Windows_NT
PROCESSOR_IDENTIFIER=Intel64 Family 6 Model 142 Stepping 10, GenuineIntel



---------------  S Y S T E M  ---------------

OS: Windows 10 , 64 bit Build 17134 (10.0.17134.753)

CPU:total 8 (initial active 8) (4 cores per cpu, 2 threads per core) family 6 model 142 stepping 10, cmov, cx8, fxsr, mmx, sse, sse2, sse3, ssse3, sse4.1, sse4.2, popcnt, avx, avx2, aes, clmul, erms, 3dnowpref, lzcnt, ht, tsc, tscinvbit, bmi1, bmi2, adx, fma

Memory: 4k page, system-wide physical 12203M (1065M free)
TotalPageFile size 49067M (AvailPageFile size 0M)
current process WorkingSet (physical memory assigned to process): 131M, peak: 131M
current process commit charge ("private bytes"): 299M, peak: 299M

vm_info: Java HotSpot(TM) 64-Bit Server VM (12.0.2+10) for windows-amd64 JRE (12.0.2+10), built on Jul 16 2019 01:56:17 by "mach5one" with MS VC++ 15.5 (VS2017)

END.
